<?xml version="1.0" encoding="UTF-8"?>
<testsuite name="MovingStonesTest" tests="1" skipped="0" failures="0" errors="0" timestamp="2020-03-15T19:53:03" hostname="LCHI605943" time="0.001">
  <properties/>
  <testcase name="shouldReturn00" classname="MovingStonesTest" time="0.001"/>
  <system-out><![CDATA[]]></system-out>
  <system-err><![CDATA[]]></system-err>
</testsuite>
